Build started 5/31/2016 16:14:34.
     1>Project "C:\Users\Luna\Programming Projects\IGMTutorial\Graphics\Spatial Partitioning\Oct_Tree-GLFW\Oct_Tree-GLFW\Oct_Tree-GLFW.vcxproj" on node 2 (Build target(s)).
     1>ClCompile:
         C:\Program Files (x86)\Microsoft Visual Studio 12.0\VC\bin\CL.exe /c /ZI /nologo /W3 /WX- /Od /Oy- /D WIN32 /D _DEBUG /D _CONSOLE /D _LIB /D _UNICODE /D UNICODE /Gm /EHsc /RTC1 /MDd /GS /fp:precise /Zc:wchar_t /Zc:forScope /Fo"Debug\\" /Fd"Debug\vc120.pdb" /Gd /TP /analyze- /errorReport:prompt Init_Shader.cpp InputManager.cpp InteractiveShape.cpp main.cpp OctTreeManager.cpp RenderManager.cpp RenderShape.cpp
         RenderShape.cpp
         RenderManager.cpp
         OctTreeManager.cpp
         main.cpp
     1>c:\users\luna\programming projects\igmtutorial\graphics\spatial partitioning\oct_tree-glfw\oct_tree-glfw\main.cpp(217): warning C4244: 'initializing' : conversion from 'double' to 'float', possible loss of data
         InteractiveShape.cpp
     1>c:\users\luna\programming projects\igmtutorial\graphics\spatial partitioning\oct_tree-glfw\oct_tree-glfw\interactiveshape.cpp(55): warning C4172: returning address of local variable or temporary
         InputManager.cpp
         Init_Shader.cpp
         Generating Code...
     1>c:\users\luna\programming projects\igmtutorial\graphics\spatial partitioning\oct_tree-glfw\oct_tree-glfw\octtreemanager.cpp(102): warning C4715: 'OctTreeManager::GetNearbyShapes' : not all control paths return a value
       Link:
         C:\Program Files (x86)\Microsoft Visual Studio 12.0\VC\bin\link.exe /ERRORREPORT:PROMPT /OUT:"C:\Users\Luna\Programming Projects\IGMTutorial\Graphics\Spatial Partitioning\Oct_Tree-GLFW\Debug\Oct_Tree-GLFW.exe" /INCREMENTAL /NOLOGO glew32.lib opengl32.lib glfw3.lib kernel32.lib user32.lib gdi32.lib winspool.lib comdlg32.lib advapi32.lib shell32.lib ole32.lib oleaut32.lib uuid.lib odbc32.lib odbccp32.lib /MANIFEST /MANIFESTUAC:"level='asInvoker' uiAccess='false'" /manifest:embed /DEBUG /PDB:"C:\Users\Luna\Programming Projects\IGMTutorial\Graphics\Spatial Partitioning\Oct_Tree-GLFW\Debug\Oct_Tree-GLFW.pdb" /SUBSYSTEM:CONSOLE /TLBID:1 /DYNAMICBASE /NXCOMPAT /IMPLIB:"C:\Users\Luna\Programming Projects\IGMTutorial\Graphics\Spatial Partitioning\Oct_Tree-GLFW\Debug\Oct_Tree-GLFW.lib" /MACHINE:X86 Debug\Init_Shader.obj
         Debug\InputManager.obj
         Debug\InteractiveShape.obj
         Debug\main.obj
         Debug\OctTreeManager.obj
         Debug\RenderManager.obj
         Debug\RenderShape.obj
     1>LINK : warning LNK4098: defaultlib 'MSVCRT' conflicts with use of other libs; use /NODEFAULTLIB:library
         Oct_Tree-GLFW.vcxproj -> C:\Users\Luna\Programming Projects\IGMTutorial\Graphics\Spatial Partitioning\Oct_Tree-GLFW\Debug\Oct_Tree-GLFW.exe
     1>Done Building Project "C:\Users\Luna\Programming Projects\IGMTutorial\Graphics\Spatial Partitioning\Oct_Tree-GLFW\Oct_Tree-GLFW\Oct_Tree-GLFW.vcxproj" (Build target(s)).

Build succeeded.

Time Elapsed 00:00:02.61
